<!DOCTYPE html PUBLIC "-//W3C//DTD XHTML 1.1//EN" "https://www.w3.org/TR/xhtml11/DTD/xhtml11.dtd">
<html xmlns="https://www.w3.org/1999/xhtml">
<head>
<meta http-equiv="content-type" content="text/html; charset=UTF-8"/>
<title>TestNG Report</title>
<style type="text/css">table {margin-bottom:10px;border-collapse:collapse;empty-cells:show}th,td {border:1px solid #009;padding:.25em .5em}th {vertical-align:bottom}td {vertical-align:top}table a {font-weight:bold}.stripe td {background-color: #E6EBF9}.num {text-align:right}.passedodd td {background-color: #3F3}.passedeven td {background-color: #0A0}.skippedodd td {background-color: #DDD}.skippedeven td {background-color: #CCC}.failedodd td,.attn {background-color: #F33}.failedeven td,.stripe .attn {background-color: #D00}.stacktrace {white-space:pre;font-family:monospace}.totop {font-size:85%;text-align:center;border-bottom:2px solid #000}.invisible {display:none}</style>
</head>
<body>
<table>
<tr><th>Test</th><th># Passed</th><th># Skipped</th><th># Retried</th><th># Failed</th><th>Time (ms)</th><th>Included Groups</th><th>Excluded Groups</th></tr>
<tr><th colspan="8">Default suite</th></tr>
<tr><td><a href="#t0">Default test</a></td><td class="num">25</td><td class="num">0</td><td class="num">0</td><td class="num attn">2</td><td class="num">219,497</td><td></td><td></td></tr>
</table>
<table id='summary'><thead><tr><th>Class</th><th>Method</th><th>Start</th><th>Time (ms)</th></tr></thead><tbody><tr><th colspan="4">Default suite</th></tr></tbody><tbody id="t0"><tr><th colspan="4">Default test &#8212; failed</th></tr><tr class="failedeven"><td rowspan="2">test.CustomerBankingTest</td><td><a href="#m0">verifyWithdraw_01</a></td><td rowspan="1">1607060787237</td><td rowspan="1">1608</td></tr><tr class="failedeven"><td><a href="#m1">verifyWithdraw_02</a></td><td rowspan="1">1607060804992</td><td rowspan="1">2023</td></tr><tr><th colspan="4">Default test &#8212; passed</th></tr><tr class="passedeven"><td rowspan="4">test.AdminLogInTest</td><td><a href="#m2">LogInCheckFailed_01</a></td><td rowspan="1">1607060870604</td><td rowspan="1">3261</td></tr><tr class="passedeven"><td><a href="#m3">LogInCheckFailed_02</a></td><td rowspan="1">1607060876084</td><td rowspan="1">2819</td></tr><tr class="passedeven"><td><a href="#m4">LogInCheckFailed_03</a></td><td rowspan="1">1607060880903</td><td rowspan="1">2877</td></tr><tr class="passedeven"><td><a href="#m5">LogInCheckPass_01</a></td><td rowspan="1">1607060885820</td><td rowspan="1">3103</td></tr><tr class="passedodd"><td rowspan="2">test.AdminProfileTest</td><td><a href="#m6">changePasswordFailTest</a></td><td rowspan="1">1607060894067</td><td rowspan="1">2234</td></tr><tr class="passedodd"><td><a href="#m7">changePasswordPassTest</a></td><td rowspan="1">1607060899360</td><td rowspan="1">4600</td></tr><tr class="passedeven"><td rowspan="2">test.CustomerBankingTest</td><td><a href="#m8">verifyDeposite</a></td><td rowspan="1">1607060762082</td><td rowspan="1">2763</td></tr><tr class="passedeven"><td><a href="#m9">verifyMoneyTransfer</a></td><td rowspan="1">1607060770097</td><td rowspan="1">12093</td></tr><tr class="passedodd"><td rowspan="4">test.CustomerManagementTest</td><td><a href="#m10">verifyAddCustomer</a></td><td rowspan="1">1607060833750</td><td rowspan="1">5294</td></tr><tr class="passedodd"><td><a href="#m11">verifySearchCustomer_01</a></td><td rowspan="1">1607060821997</td><td rowspan="1">936</td></tr><tr class="passedodd"><td><a href="#m12">verifySearchCustomer_02</a></td><td rowspan="1">1607060826065</td><td rowspan="1">897</td></tr><tr class="passedodd"><td><a href="#m13">verifyViewCustomer</a></td><td rowspan="1">1607060830037</td><td rowspan="1">600</td></tr><tr class="passedeven"><td rowspan="3">test.CustomerProfileTest</td><td><a href="#m14">checkChangePasswordFail</a></td><td rowspan="1">1607060864413</td><td rowspan="1">2250</td></tr><tr class="passedeven"><td><a href="#m15">checkChangePasswordPass</a></td><td rowspan="1">1607060851616</td><td rowspan="1">7640</td></tr><tr class="passedeven"><td><a href="#m16">verifyPersonalDetails</a></td><td rowspan="1">1607060845516</td><td rowspan="1">988</td></tr><tr class="passedodd"><td rowspan="4">test.HomePageTest</td><td><a href="#m17">checkFooter</a></td><td rowspan="1">1607060815717</td><td rowspan="1">591</td></tr><tr class="passedodd"><td><a href="#m18">checkLoginPresent</a></td><td rowspan="1">1607060816314</td><td rowspan="1">215</td></tr><tr class="passedodd"><td><a href="#m19">verifyHeader</a></td><td rowspan="1">1607060816537</td><td rowspan="1">273</td></tr><tr class="passedodd"><td><a href="#m20">verifyTitle</a></td><td rowspan="1">1607060816815</td><td rowspan="1">17</td></tr><tr class="passedeven"><td rowspan="6">test.UserLogInTest</td><td><a href="#m21">LogInCheckFailed_01</a></td><td rowspan="1">1607060713770</td><td rowspan="1">3981</td></tr><tr class="passedeven"><td><a href="#m22">LogInCheckFailed_02</a></td><td rowspan="1">1607060728437</td><td rowspan="1">2967</td></tr><tr class="passedeven"><td><a href="#m23">LogInCheckFailed_03</a></td><td rowspan="1">1607060734512</td><td rowspan="1">2895</td></tr><tr class="passedeven"><td><a href="#m24">LogInCheck_01</a></td><td rowspan="1">1607060739879</td><td rowspan="1">4182</td></tr><tr class="passedeven"><td><a href="#m25">LogInCheck_02</a></td><td rowspan="1">1607060746507</td><td rowspan="1">3934</td></tr><tr class="passedeven"><td><a href="#m26">LogInCheck_03</a></td><td rowspan="1">1607060753058</td><td rowspan="1">3858</td></tr></tbody>
</table>
<h2>Default test</h2><h3 id="m0">test.CustomerBankingTest#verifyWithdraw_01</h3><table class="result"><tr><th>Exception</th></tr><tr><td><div class="stacktrace">java.lang.NumberFormatException: For input string: &quot;Withdrawal&quot;
	at java.base/jdk.internal.math.FloatingDecimal.readJavaFormatString(FloatingDecimal.java:2054)
	at java.base/jdk.internal.math.FloatingDecimal.parseDouble(FloatingDecimal.java:110)
	at java.base/java.lang.Double.parseDouble(Double.java:543)
	at test.CustomerBankingTest.checkBalance(CustomerBankingTest.java:123)
	at test.CustomerBankingTest.withdraw(CustomerBankingTest.java:137)
	at test.CustomerBankingTest.verifyWithdraw_01(CustomerBankingTest.java:62)
	at java.base/jdk.internal.reflect.NativeMethodAccessorImpl.invoke0(Native Method)
	at java.base/jdk.internal.reflect.NativeMethodAccessorImpl.invoke(NativeMethodAccessorImpl.java:62)
	at java.base/jdk.internal.reflect.DelegatingMethodAccessorImpl.invoke(DelegatingMethodAccessorImpl.java:43)
	at java.base/java.lang.reflect.Method.invoke(Method.java:566)
	at org.testng.internal.MethodInvocationHelper.invokeMethod(MethodInvocationHelper.java:132)
	at org.testng.internal.TestInvoker.invokeMethod(TestInvoker.java:599)
	at org.testng.internal.TestInvoker.invokeTestMethod(TestInvoker.java:174)
	at org.testng.internal.MethodRunner.runInSequence(MethodRunner.java:46)
	at org.testng.internal.TestInvoker$MethodInvocationAgent.invoke(TestInvoker.java:822)
	at org.testng.internal.TestInvoker.invokeTestMethods(TestInvoker.java:147)
	at org.testng.internal.TestMethodWorker.invokeTestMethods(TestMethodWorker.java:146)
	at org.testng.internal.TestMethodWorker.run(TestMethodWorker.java:128)
	at java.base/java.util.ArrayList.forEach(ArrayList.java:1541)
	at org.testng.TestRunner.privateRun(TestRunner.java:764)
	at org.testng.TestRunner.run(TestRunner.java:585)
	at org.testng.SuiteRunner.runTest(SuiteRunner.java:384)
	at org.testng.SuiteRunner.runSequentially(SuiteRunner.java:378)
	at org.testng.SuiteRunner.privateRun(SuiteRunner.java:337)
	at org.testng.SuiteRunner.run(SuiteRunner.java:286)
	at org.testng.SuiteRunnerWorker.runSuite(SuiteRunnerWorker.java:53)
	at org.testng.SuiteRunnerWorker.run(SuiteRunnerWorker.java:96)
	at org.testng.TestNG.runSuitesSequentially(TestNG.java:1218)
	at org.testng.TestNG.runSuitesLocally(TestNG.java:1140)
	at org.testng.TestNG.runSuites(TestNG.java:1069)
	at org.testng.TestNG.run(TestNG.java:1037)
	at org.testng.remote.AbstractRemoteTestNG.run(AbstractRemoteTestNG.java:115)
	at org.testng.remote.RemoteTestNG.initAndRun(RemoteTestNG.java:251)
	at org.testng.remote.RemoteTestNG.main(RemoteTestNG.java:77)
</div></td></tr></table><p class="totop"><a href="#summary">back to summary</a></p>
<h3 id="m1">test.CustomerBankingTest#verifyWithdraw_02</h3><table class="result"><tr><th>Exception</th></tr><tr><td><div class="stacktrace">java.lang.AssertionError: expected [true] but found [false]
	at org.testng.Assert.fail(Assert.java:99)
	at org.testng.Assert.failNotEquals(Assert.java:1037)
	at org.testng.Assert.assertTrue(Assert.java:45)
	at org.testng.Assert.assertTrue(Assert.java:55)
	at test.CustomerBankingTest.withdraw(CustomerBankingTest.java:139)
	at test.CustomerBankingTest.verifyWithdraw_02(CustomerBankingTest.java:68)
	at java.base/jdk.internal.reflect.NativeMethodAccessorImpl.invoke0(Native Method)
	at java.base/jdk.internal.reflect.NativeMethodAccessorImpl.invoke(NativeMethodAccessorImpl.java:62)
	at java.base/jdk.internal.reflect.DelegatingMethodAccessorImpl.invoke(DelegatingMethodAccessorImpl.java:43)
	at java.base/java.lang.reflect.Method.invoke(Method.java:566)
	at org.testng.internal.MethodInvocationHelper.invokeMethod(MethodInvocationHelper.java:132)
	at org.testng.internal.TestInvoker.invokeMethod(TestInvoker.java:599)
	at org.testng.internal.TestInvoker.invokeTestMethod(TestInvoker.java:174)
	at org.testng.internal.MethodRunner.runInSequence(MethodRunner.java:46)
	at org.testng.internal.TestInvoker$MethodInvocationAgent.invoke(TestInvoker.java:822)
	at org.testng.internal.TestInvoker.invokeTestMethods(TestInvoker.java:147)
	at org.testng.internal.TestMethodWorker.invokeTestMethods(TestMethodWorker.java:146)
	at org.testng.internal.TestMethodWorker.run(TestMethodWorker.java:128)
	at java.base/java.util.ArrayList.forEach(ArrayList.java:1541)
	at org.testng.TestRunner.privateRun(TestRunner.java:764)
	at org.testng.TestRunner.run(TestRunner.java:585)
	at org.testng.SuiteRunner.runTest(SuiteRunner.java:384)
	at org.testng.SuiteRunner.runSequentially(SuiteRunner.java:378)
	at org.testng.SuiteRunner.privateRun(SuiteRunner.java:337)
	at org.testng.SuiteRunner.run(SuiteRunner.java:286)
	at org.testng.SuiteRunnerWorker.runSuite(SuiteRunnerWorker.java:53)
	at org.testng.SuiteRunnerWorker.run(SuiteRunnerWorker.java:96)
	at org.testng.TestNG.runSuitesSequentially(TestNG.java:1218)
	at org.testng.TestNG.runSuitesLocally(TestNG.java:1140)
	at org.testng.TestNG.runSuites(TestNG.java:1069)
	at org.testng.TestNG.run(TestNG.java:1037)
	at org.testng.remote.AbstractRemoteTestNG.run(AbstractRemoteTestNG.java:115)
	at org.testng.remote.RemoteTestNG.initAndRun(RemoteTestNG.java:251)
	at org.testng.remote.RemoteTestNG.main(RemoteTestNG.java:77)
</div></td></tr></table><p class="totop"><a href="#summary">back to summary</a></p>
<h3 id="m2">test.AdminLogInTest#LogInCheckFailed_01</h3><table class="result"><tr><th class="invisible"/></tr></table><p class="totop"><a href="#summary">back to summary</a></p>
<h3 id="m3">test.AdminLogInTest#LogInCheckFailed_02</h3><table class="result"><tr><th class="invisible"/></tr></table><p class="totop"><a href="#summary">back to summary</a></p>
<h3 id="m4">test.AdminLogInTest#LogInCheckFailed_03</h3><table class="result"><tr><th class="invisible"/></tr></table><p class="totop"><a href="#summary">back to summary</a></p>
<h3 id="m5">test.AdminLogInTest#LogInCheckPass_01</h3><table class="result"><tr><th class="invisible"/></tr></table><p class="totop"><a href="#summary">back to summary</a></p>
<h3 id="m6">test.AdminProfileTest#changePasswordFailTest</h3><table class="result"><tr><th class="invisible"/></tr></table><p class="totop"><a href="#summary">back to summary</a></p>
<h3 id="m7">test.AdminProfileTest#changePasswordPassTest</h3><table class="result"><tr><th class="invisible"/></tr></table><p class="totop"><a href="#summary">back to summary</a></p>
<h3 id="m8">test.CustomerBankingTest#verifyDeposite</h3><table class="result"><tr><th class="invisible"/></tr></table><p class="totop"><a href="#summary">back to summary</a></p>
<h3 id="m9">test.CustomerBankingTest#verifyMoneyTransfer</h3><table class="result"><tr><th class="invisible"/></tr></table><p class="totop"><a href="#summary">back to summary</a></p>
<h3 id="m10">test.CustomerManagementTest#verifyAddCustomer</h3><table class="result"><tr><th class="invisible"/></tr></table><p class="totop"><a href="#summary">back to summary</a></p>
<h3 id="m11">test.CustomerManagementTest#verifySearchCustomer_01</h3><table class="result"><tr><th class="invisible"/></tr></table><p class="totop"><a href="#summary">back to summary</a></p>
<h3 id="m12">test.CustomerManagementTest#verifySearchCustomer_02</h3><table class="result"><tr><th class="invisible"/></tr></table><p class="totop"><a href="#summary">back to summary</a></p>
<h3 id="m13">test.CustomerManagementTest#verifyViewCustomer</h3><table class="result"><tr><th class="invisible"/></tr></table><p class="totop"><a href="#summary">back to summary</a></p>
<h3 id="m14">test.CustomerProfileTest#checkChangePasswordFail</h3><table class="result"><tr><th class="invisible"/></tr></table><p class="totop"><a href="#summary">back to summary</a></p>
<h3 id="m15">test.CustomerProfileTest#checkChangePasswordPass</h3><table class="result"><tr><th class="invisible"/></tr></table><p class="totop"><a href="#summary">back to summary</a></p>
<h3 id="m16">test.CustomerProfileTest#verifyPersonalDetails</h3><table class="result"><tr><th class="invisible"/></tr></table><p class="totop"><a href="#summary">back to summary</a></p>
<h3 id="m17">test.HomePageTest#checkFooter</h3><table class="result"><tr><th class="invisible"/></tr></table><p class="totop"><a href="#summary">back to summary</a></p>
<h3 id="m18">test.HomePageTest#checkLoginPresent</h3><table class="result"><tr><th class="invisible"/></tr></table><p class="totop"><a href="#summary">back to summary</a></p>
<h3 id="m19">test.HomePageTest#verifyHeader</h3><table class="result"><tr><th class="invisible"/></tr></table><p class="totop"><a href="#summary">back to summary</a></p>
<h3 id="m20">test.HomePageTest#verifyTitle</h3><table class="result"><tr><th class="invisible"/></tr></table><p class="totop"><a href="#summary">back to summary</a></p>
<h3 id="m21">test.UserLogInTest#LogInCheckFailed_01</h3><table class="result"><tr><th class="invisible"/></tr></table><p class="totop"><a href="#summary">back to summary</a></p>
<h3 id="m22">test.UserLogInTest#LogInCheckFailed_02</h3><table class="result"><tr><th class="invisible"/></tr></table><p class="totop"><a href="#summary">back to summary</a></p>
<h3 id="m23">test.UserLogInTest#LogInCheckFailed_03</h3><table class="result"><tr><th class="invisible"/></tr></table><p class="totop"><a href="#summary">back to summary</a></p>
<h3 id="m24">test.UserLogInTest#LogInCheck_01</h3><table class="result"><tr><th class="invisible"/></tr></table><p class="totop"><a href="#summary">back to summary</a></p>
<h3 id="m25">test.UserLogInTest#LogInCheck_02</h3><table class="result"><tr><th class="invisible"/></tr></table><p class="totop"><a href="#summary">back to summary</a></p>
<h3 id="m26">test.UserLogInTest#LogInCheck_03</h3><table class="result"><tr><th class="invisible"/></tr></table><p class="totop"><a href="#summary">back to summary</a></p>
</body>
</html>
