<html>
<head>
<title>TestNG:  Default test</title>
<link href="../testng.css" rel="stylesheet" type="text/css" />
<link href="../my-testng.css" rel="stylesheet" type="text/css" />

<style type="text/css">
.log { display: none;} 
.stack-trace { display: none;} 
</style>
<script type="text/javascript">
<!--
function flip(e) {
  current = e.style.display;
  if (current == 'block') {
    e.style.display = 'none';
    return 0;
  }
  else {
    e.style.display = 'block';
    return 1;
  }
}

function toggleBox(szDivId, elem, msg1, msg2)
{
  var res = -1;  if (document.getElementById) {
    res = flip(document.getElementById(szDivId));
  }
  else if (document.all) {
    // this is the way old msie versions work
    res = flip(document.all[szDivId]);
  }
  if(elem) {
    if(res == 0) elem.innerHTML = msg1; else elem.innerHTML = msg2;
  }

}

function toggleAllBoxes() {
  if (document.getElementsByTagName) {
    d = document.getElementsByTagName('div');
    for (i = 0; i < d.length; i++) {
      if (d[i].className == 'log') {
        flip(d[i]);
      }
    }
  }
}

// -->
</script>

</head>
<body>
<h2 align='center'>Default test</h2><table border='1' align="center">
<tr>
<td>Tests passed/Failed/Skipped:</td><td>25/2/0</td>
</tr><tr>
<td>Started on:</td><td>Fri Dec 04 11:14:44 IST 2020</td>
</tr>
<tr><td>Total time:</td><td>219 seconds (219497 ms)</td>
</tr><tr>
<td>Included groups:</td><td></td>
</tr><tr>
<td>Excluded groups:</td><td></td>
</tr>
</table><p/>
<small><i>(Hover the method name to see the test class name)</i></small><p/>
<table width='100%' border='1' class='invocation-failed'>
<tr><td colspan='4' align='center'><b>FAILED TESTS</b></td></tr>
<tr><td><b>Test method</b></td>
<td width="30%"><b>Exception</b></td>
<td width="10%"><b>Time (seconds)</b></td>
<td><b>Instance</b></td>
</tr>
<tr>
<td title='test.CustomerBankingTest.verifyWithdraw_01()'><b>verifyWithdraw_01</b><br>Test class: test.CustomerBankingTest</td>
<td><div><pre>java.lang.NumberFormatException: For input string: &quot;Withdrawal&quot;
	at java.base/jdk.internal.math.FloatingDecimal.readJavaFormatString(FloatingDecimal.java:2054)
	at java.base/jdk.internal.math.FloatingDecimal.parseDouble(FloatingDecimal.java:110)
	at java.base/java.lang.Double.parseDouble(Double.java:543)
	at test.CustomerBankingTest.checkBalance(CustomerBankingTest.java:123)
	at test.CustomerBankingTest.withdraw(CustomerBankingTest.java:137)
	at test.CustomerBankingTest.verifyWithdraw_01(CustomerBankingTest.java:62)
	at java.base/jdk.internal.reflect.NativeMethodAccessorImpl.invoke0(Native Method)
	at java.base/jdk.internal.reflect.NativeMethodAccessorImpl.invoke(NativeMethodAccessorImpl.java:62)
	at java.base/jdk.internal.reflect.DelegatingMethodAccessorImpl.invoke(DelegatingMethodAccessorImpl.java:43)
	at java.base/java.lang.reflect.Method.invoke(Method.java:566)
	at org.testng.internal.MethodInvocationHelper.invokeMethod(MethodInvocationHelper.java:132)
	at org.testng.internal.TestInvoker.invokeMethod(TestInvoker.java:599)
	at org.testng.internal.TestInvoker.invokeTestMethod(TestInvoker.java:174)
	at org.testng.internal.MethodRunner.runInSequence(MethodRunner.java:46)
	at org.testng.internal.TestInvoker$MethodInvocationAgent.invoke(TestInvoker.java:822)
	at org.testng.internal.TestInvoker.invokeTestMethods(TestInvoker.java:147)
	at org.testng.internal.TestMethodWorker.invokeTestMethods(TestMethodWorker.java:146)
	at org.testng.internal.TestMethodWorker.run(TestMethodWorker.java:128)
	at java.base/java.util.ArrayList.forEach(ArrayList.java:1541)
	at org.testng.TestRunner.privateRun(TestRunner.java:764)
	at org.testng.TestRunner.run(TestRunner.java:585)
	at org.testng.SuiteRunner.runTest(SuiteRunner.java:384)
	at org.testng.SuiteRunner.runSequentially(SuiteRunner.java:378)
	at org.testng.SuiteRunner.privateRun(SuiteRunner.java:337)
	at org.testng.SuiteRunner.run(SuiteRunner.java:286)
	at org.testng.SuiteRunnerWorker.runSuite(SuiteRunnerWorker.java:53)
	at org.testng.SuiteRunnerWorker.run(SuiteRunnerWorker.java:96)
	at org.testng.TestNG.runSuitesSequentially(TestNG.java:1218)
	at org.testng.TestNG.runSuitesLocally(TestNG.java:1140)
	at org.testng.TestNG.runSuites(TestNG.java:1069)
	at org.testng.TestNG.run(TestNG.java:1037)
	at org.testng.remote.AbstractRemoteTestNG.run(AbstractRemoteTestNG.java:115)
	at org.testng.remote.RemoteTestNG.initAndRun(RemoteTestNG.java:251)
	at org.testng.remote.RemoteTestNG.main(RemoteTestNG.java:77)
</pre></div><a href='#' onClick='toggleBox("stack-trace2082673402", this, "Click to show all stack frames", "Click to hide stack frames")'>Click to show all stack frames</a>
<div class='stack-trace' id='stack-trace2082673402'><pre>java.lang.NumberFormatException: For input string: &quot;Withdrawal&quot;
	at java.base/jdk.internal.math.FloatingDecimal.readJavaFormatString(FloatingDecimal.java:2054)
	at java.base/jdk.internal.math.FloatingDecimal.parseDouble(FloatingDecimal.java:110)
	at java.base/java.lang.Double.parseDouble(Double.java:543)
	at test.CustomerBankingTest.checkBalance(CustomerBankingTest.java:123)
	at test.CustomerBankingTest.withdraw(CustomerBankingTest.java:137)
	at test.CustomerBankingTest.verifyWithdraw_01(CustomerBankingTest.java:62)
	at java.base/jdk.internal.reflect.NativeMethodAccessorImpl.invoke0(Native Method)
	at java.base/jdk.internal.reflect.NativeMethodAccessorImpl.invoke(NativeMethodAccessorImpl.java:62)
	at java.base/jdk.internal.reflect.DelegatingMethodAccessorImpl.invoke(DelegatingMethodAccessorImpl.java:43)
	at java.base/java.lang.reflect.Method.invoke(Method.java:566)
	at org.testng.internal.MethodInvocationHelper.invokeMethod(MethodInvocationHelper.java:132)
	at org.testng.internal.TestInvoker.invokeMethod(TestInvoker.java:599)
	at org.testng.internal.TestInvoker.invokeTestMethod(TestInvoker.java:174)
	at org.testng.internal.MethodRunner.runInSequence(MethodRunner.java:46)
	at org.testng.internal.TestInvoker$MethodInvocationAgent.invoke(TestInvoker.java:822)
	at org.testng.internal.TestInvoker.invokeTestMethods(TestInvoker.java:147)
	at org.testng.internal.TestMethodWorker.invokeTestMethods(TestMethodWorker.java:146)
	at org.testng.internal.TestMethodWorker.run(TestMethodWorker.java:128)
	at java.base/java.util.ArrayList.forEach(ArrayList.java:1541)
	at org.testng.TestRunner.privateRun(TestRunner.java:764)
	at org.testng.TestRunner.run(TestRunner.java:585)
	at org.testng.SuiteRunner.runTest(SuiteRunner.java:384)
	at org.testng.SuiteRunner.runSequentially(SuiteRunner.java:378)
	at org.testng.SuiteRunner.privateRun(SuiteRunner.java:337)
	at org.testng.SuiteRunner.run(SuiteRunner.java:286)
	at org.testng.SuiteRunnerWorker.runSuite(SuiteRunnerWorker.java:53)
	at org.testng.SuiteRunnerWorker.run(SuiteRunnerWorker.java:96)
	at org.testng.TestNG.runSuitesSequentially(TestNG.java:1218)
	at org.testng.TestNG.runSuitesLocally(TestNG.java:1140)
	at org.testng.TestNG.runSuites(TestNG.java:1069)
	at org.testng.TestNG.run(TestNG.java:1037)
	at org.testng.remote.AbstractRemoteTestNG.run(AbstractRemoteTestNG.java:115)
	at org.testng.remote.RemoteTestNG.initAndRun(RemoteTestNG.java:251)
	at org.testng.remote.RemoteTestNG.main(RemoteTestNG.java:77)
</pre></div></td>
<td>1</td>
<td>test.CustomerBankingTest@1198b989</td></tr>
<tr>
<td title='test.CustomerBankingTest.verifyWithdraw_02()'><b>verifyWithdraw_02</b><br>Test class: test.CustomerBankingTest</td>
<td><div><pre>java.lang.AssertionError: expected [true] but found [false]
	at org.testng.Assert.fail(Assert.java:99)
	at org.testng.Assert.failNotEquals(Assert.java:1037)
	at org.testng.Assert.assertTrue(Assert.java:45)
	at org.testng.Assert.assertTrue(Assert.java:55)
	at test.CustomerBankingTest.withdraw(CustomerBankingTest.java:139)
	at test.CustomerBankingTest.verifyWithdraw_02(CustomerBankingTest.java:68)
	at java.base/jdk.internal.reflect.NativeMethodAccessorImpl.invoke0(Native Method)
	at java.base/jdk.internal.reflect.NativeMethodAccessorImpl.invoke(NativeMethodAccessorImpl.java:62)
	at java.base/jdk.internal.reflect.DelegatingMethodAccessorImpl.invoke(DelegatingMethodAccessorImpl.java:43)
	at java.base/java.lang.reflect.Method.invoke(Method.java:566)
	at org.testng.internal.MethodInvocationHelper.invokeMethod(MethodInvocationHelper.java:132)
	at org.testng.internal.TestInvoker.invokeMethod(TestInvoker.java:599)
	at org.testng.internal.TestInvoker.invokeTestMethod(TestInvoker.java:174)
	at org.testng.internal.MethodRunner.runInSequence(MethodRunner.java:46)
	at org.testng.internal.TestInvoker$MethodInvocationAgent.invoke(TestInvoker.java:822)
	at org.testng.internal.TestInvoker.invokeTestMethods(TestInvoker.java:147)
	at org.testng.internal.TestMethodWorker.invokeTestMethods(TestMethodWorker.java:146)
	at org.testng.internal.TestMethodWorker.run(TestMethodWorker.java:128)
	at java.base/java.util.ArrayList.forEach(ArrayList.java:1541)
	at org.testng.TestRunner.privateRun(TestRunner.java:764)
	at org.testng.TestRunner.run(TestRunner.java:585)
	at org.testng.SuiteRunner.runTest(SuiteRunner.java:384)
	at org.testng.SuiteRunner.runSequentially(SuiteRunner.java:378)
	at org.testng.SuiteRunner.privateRun(SuiteRunner.java:337)
	at org.testng.SuiteRunner.run(SuiteRunner.java:286)
	at org.testng.SuiteRunnerWorker.runSuite(SuiteRunnerWorker.java:53)
	at org.testng.SuiteRunnerWorker.run(SuiteRunnerWorker.java:96)
	at org.testng.TestNG.runSuitesSequentially(TestNG.java:1218)
	at org.testng.TestNG.runSuitesLocally(TestNG.java:1140)
	at org.testng.TestNG.runSuites(TestNG.java:1069)
	at org.testng.TestNG.run(TestNG.java:1037)
	at org.testng.remote.AbstractRemoteTestNG.run(AbstractRemoteTestNG.java:115)
	at org.testng.remote.RemoteTestNG.initAndRun(RemoteTestNG.java:251)
	at org.testng.remote.RemoteTestNG.main(RemoteTestNG.java:77)
</pre></div><a href='#' onClick='toggleBox("stack-trace445192925", this, "Click to show all stack frames", "Click to hide stack frames")'>Click to show all stack frames</a>
<div class='stack-trace' id='stack-trace445192925'><pre>java.lang.AssertionError: expected [true] but found [false]
	at org.testng.Assert.fail(Assert.java:99)
	at org.testng.Assert.failNotEquals(Assert.java:1037)
	at org.testng.Assert.assertTrue(Assert.java:45)
	at org.testng.Assert.assertTrue(Assert.java:55)
	at test.CustomerBankingTest.withdraw(CustomerBankingTest.java:139)
	at test.CustomerBankingTest.verifyWithdraw_02(CustomerBankingTest.java:68)
	at java.base/jdk.internal.reflect.NativeMethodAccessorImpl.invoke0(Native Method)
	at java.base/jdk.internal.reflect.NativeMethodAccessorImpl.invoke(NativeMethodAccessorImpl.java:62)
	at java.base/jdk.internal.reflect.DelegatingMethodAccessorImpl.invoke(DelegatingMethodAccessorImpl.java:43)
	at java.base/java.lang.reflect.Method.invoke(Method.java:566)
	at org.testng.internal.MethodInvocationHelper.invokeMethod(MethodInvocationHelper.java:132)
	at org.testng.internal.TestInvoker.invokeMethod(TestInvoker.java:599)
	at org.testng.internal.TestInvoker.invokeTestMethod(TestInvoker.java:174)
	at org.testng.internal.MethodRunner.runInSequence(MethodRunner.java:46)
	at org.testng.internal.TestInvoker$MethodInvocationAgent.invoke(TestInvoker.java:822)
	at org.testng.internal.TestInvoker.invokeTestMethods(TestInvoker.java:147)
	at org.testng.internal.TestMethodWorker.invokeTestMethods(TestMethodWorker.java:146)
	at org.testng.internal.TestMethodWorker.run(TestMethodWorker.java:128)
	at java.base/java.util.ArrayList.forEach(ArrayList.java:1541)
	at org.testng.TestRunner.privateRun(TestRunner.java:764)
	at org.testng.TestRunner.run(TestRunner.java:585)
	at org.testng.SuiteRunner.runTest(SuiteRunner.java:384)
	at org.testng.SuiteRunner.runSequentially(SuiteRunner.java:378)
	at org.testng.SuiteRunner.privateRun(SuiteRunner.java:337)
	at org.testng.SuiteRunner.run(SuiteRunner.java:286)
	at org.testng.SuiteRunnerWorker.runSuite(SuiteRunnerWorker.java:53)
	at org.testng.SuiteRunnerWorker.run(SuiteRunnerWorker.java:96)
	at org.testng.TestNG.runSuitesSequentially(TestNG.java:1218)
	at org.testng.TestNG.runSuitesLocally(TestNG.java:1140)
	at org.testng.TestNG.runSuites(TestNG.java:1069)
	at org.testng.TestNG.run(TestNG.java:1037)
	at org.testng.remote.AbstractRemoteTestNG.run(AbstractRemoteTestNG.java:115)
	at org.testng.remote.RemoteTestNG.initAndRun(RemoteTestNG.java:251)
	at org.testng.remote.RemoteTestNG.main(RemoteTestNG.java:77)
</pre></div></td>
<td>2</td>
<td>test.CustomerBankingTest@1198b989</td></tr>
</table><p>
<table width='100%' border='1' class='invocation-passed'>
<tr><td colspan='4' align='center'><b>PASSED TESTS</b></td></tr>
<tr><td><b>Test method</b></td>
<td width="30%"><b>Exception</b></td>
<td width="10%"><b>Time (seconds)</b></td>
<td><b>Instance</b></td>
</tr>
<tr>
<td title='test.UserLogInTest.LogInCheckFailed_01()'><b>LogInCheckFailed_01</b><br>Test class: test.UserLogInTest</td>
<td></td>
<td>3</td>
<td>test.UserLogInTest@527e5409</td></tr>
<tr>
<td title='test.AdminLogInTest.LogInCheckFailed_01()'><b>LogInCheckFailed_01</b><br>Test class: test.AdminLogInTest</td>
<td></td>
<td>3</td>
<td>test.AdminLogInTest@7ea37dbf</td></tr>
<tr>
<td title='test.UserLogInTest.LogInCheckFailed_02()'><b>LogInCheckFailed_02</b><br>Test class: test.UserLogInTest</td>
<td></td>
<td>2</td>
<td>test.UserLogInTest@527e5409</td></tr>
<tr>
<td title='test.AdminLogInTest.LogInCheckFailed_02()'><b>LogInCheckFailed_02</b><br>Test class: test.AdminLogInTest</td>
<td></td>
<td>2</td>
<td>test.AdminLogInTest@7ea37dbf</td></tr>
<tr>
<td title='test.UserLogInTest.LogInCheckFailed_03()'><b>LogInCheckFailed_03</b><br>Test class: test.UserLogInTest</td>
<td></td>
<td>2</td>
<td>test.UserLogInTest@527e5409</td></tr>
<tr>
<td title='test.AdminLogInTest.LogInCheckFailed_03()'><b>LogInCheckFailed_03</b><br>Test class: test.AdminLogInTest</td>
<td></td>
<td>2</td>
<td>test.AdminLogInTest@7ea37dbf</td></tr>
<tr>
<td title='test.AdminLogInTest.LogInCheckPass_01()'><b>LogInCheckPass_01</b><br>Test class: test.AdminLogInTest</td>
<td></td>
<td>3</td>
<td>test.AdminLogInTest@7ea37dbf</td></tr>
<tr>
<td title='test.UserLogInTest.LogInCheck_01()'><b>LogInCheck_01</b><br>Test class: test.UserLogInTest</td>
<td></td>
<td>4</td>
<td>test.UserLogInTest@527e5409</td></tr>
<tr>
<td title='test.UserLogInTest.LogInCheck_02()'><b>LogInCheck_02</b><br>Test class: test.UserLogInTest</td>
<td></td>
<td>3</td>
<td>test.UserLogInTest@527e5409</td></tr>
<tr>
<td title='test.UserLogInTest.LogInCheck_03()'><b>LogInCheck_03</b><br>Test class: test.UserLogInTest</td>
<td></td>
<td>3</td>
<td>test.UserLogInTest@527e5409</td></tr>
<tr>
<td title='test.AdminProfileTest.changePasswordFailTest()'><b>changePasswordFailTest</b><br>Test class: test.AdminProfileTest</td>
<td></td>
<td>2</td>
<td>test.AdminProfileTest@4b44655e</td></tr>
<tr>
<td title='test.AdminProfileTest.changePasswordPassTest()'><b>changePasswordPassTest</b><br>Test class: test.AdminProfileTest</td>
<td></td>
<td>4</td>
<td>test.AdminProfileTest@4b44655e</td></tr>
<tr>
<td title='test.CustomerProfileTest.checkChangePasswordFail()'><b>checkChangePasswordFail</b><br>Test class: test.CustomerProfileTest</td>
<td></td>
<td>2</td>
<td>test.CustomerProfileTest@2aa3cd93</td></tr>
<tr>
<td title='test.CustomerProfileTest.checkChangePasswordPass()'><b>checkChangePasswordPass</b><br>Test class: test.CustomerProfileTest</td>
<td></td>
<td>7</td>
<td>test.CustomerProfileTest@2aa3cd93</td></tr>
<tr>
<td title='test.HomePageTest.checkFooter()'><b>checkFooter</b><br>Test class: test.HomePageTest</td>
<td></td>
<td>0</td>
<td>test.HomePageTest@7ff95560</td></tr>
<tr>
<td title='test.HomePageTest.checkLoginPresent()'><b>checkLoginPresent</b><br>Test class: test.HomePageTest</td>
<td></td>
<td>0</td>
<td>test.HomePageTest@7ff95560</td></tr>
<tr>
<td title='test.CustomerManagementTest.verifyAddCustomer()'><b>verifyAddCustomer</b><br>Test class: test.CustomerManagementTest</td>
<td></td>
<td>5</td>
<td>test.CustomerManagementTest@add0edd</td></tr>
<tr>
<td title='test.CustomerBankingTest.verifyDeposite()'><b>verifyDeposite</b><br>Test class: test.CustomerBankingTest</td>
<td></td>
<td>2</td>
<td>test.CustomerBankingTest@1198b989</td></tr>
<tr>
<td title='test.HomePageTest.verifyHeader()'><b>verifyHeader</b><br>Test class: test.HomePageTest</td>
<td></td>
<td>0</td>
<td>test.HomePageTest@7ff95560</td></tr>
<tr>
<td title='test.CustomerBankingTest.verifyMoneyTransfer()'><b>verifyMoneyTransfer</b><br>Test class: test.CustomerBankingTest</td>
<td></td>
<td>12</td>
<td>test.CustomerBankingTest@1198b989</td></tr>
<tr>
<td title='test.CustomerProfileTest.verifyPersonalDetails()'><b>verifyPersonalDetails</b><br>Test class: test.CustomerProfileTest</td>
<td></td>
<td>0</td>
<td>test.CustomerProfileTest@2aa3cd93</td></tr>
<tr>
<td title='test.CustomerManagementTest.verifySearchCustomer_01()'><b>verifySearchCustomer_01</b><br>Test class: test.CustomerManagementTest</td>
<td></td>
<td>0</td>
<td>test.CustomerManagementTest@add0edd</td></tr>
<tr>
<td title='test.CustomerManagementTest.verifySearchCustomer_02()'><b>verifySearchCustomer_02</b><br>Test class: test.CustomerManagementTest</td>
<td></td>
<td>0</td>
<td>test.CustomerManagementTest@add0edd</td></tr>
<tr>
<td title='test.HomePageTest.verifyTitle()'><b>verifyTitle</b><br>Test class: test.HomePageTest</td>
<td></td>
<td>0</td>
<td>test.HomePageTest@7ff95560</td></tr>
<tr>
<td title='test.CustomerManagementTest.verifyViewCustomer()'><b>verifyViewCustomer</b><br>Test class: test.CustomerManagementTest</td>
<td></td>
<td>0</td>
<td>test.CustomerManagementTest@add0edd</td></tr>
</table><p>
</body>
</html>